<?xml version="1.0" encoding="UTF-8" ?>
<testsuite tests="5" failures="2" name="com.model1.log4jTest" time="5.951" errors="0" skipped="3">
  <properties>
[...]
</properties>
  <testcase classname="com.model1.log4jTest" name="loginToGmail" time="0.779">
    <failure message="element not interactable
  (Session info: chrome=76.0.3809.100)
Build info: version: &apos;3.141.59&apos;, revision: &apos;e82be7d358&apos;, time: &apos;2018-11-14T08:17:03&apos;
System info: host: &apos;AAI&apos;, ip: &apos;192.168.0.105&apos;, os.name: &apos;Windows 8&apos;, os.arch: &apos;amd64&apos;, os.version: &apos;6.2&apos;, java.version: &apos;1.8.0_111&apos;
Driver info: org.openqa.selenium.chrome.ChromeDriver
Capabilities {acceptInsecureCerts: false, browserName: chrome, browserVersion: 76.0.3809.100, chrome: {chromedriverVersion: 75.0.3770.90 (a6dcaf7e3ec6f..., userDataDir: C:\Users\OM\AppData\Local\T...}, goog:chromeOptions: {debuggerAddress: localhost:62840}, javascriptEnabled: true, networkConnectionEnabled: false, pageLoadStrategy: normal, platform: XP, platformName: XP, proxy: Proxy(), setWindowRect: true, strictFileInteractability: false, timeouts: {implicit: 0, pageLoad: 300000, script: 30000}, unhandledPromptBehavior: dismiss and notify}
Session ID: 60cbd1439d4878e92a939cd07ba6d69c" type="org.openqa.selenium.ElementNotInteractableException">org.openqa.selenium.ElementNotInteractableException: element not interactable
  (Session info: chrome=76.0.3809.100)
Build info: version: &apos;3.141.59&apos;, revision: &apos;e82be7d358&apos;, time: &apos;2018-11-14T08:17:03&apos;
System info: host: &apos;AAI&apos;, ip: &apos;192.168.0.105&apos;, os.name: &apos;Windows 8&apos;, os.arch: &apos;amd64&apos;, os.version: &apos;6.2&apos;, java.version: &apos;1.8.0_111&apos;
Driver info: org.openqa.selenium.chrome.ChromeDriver
Capabilities {acceptInsecureCerts: false, browserName: chrome, browserVersion: 76.0.3809.100, chrome: {chromedriverVersion: 75.0.3770.90 (a6dcaf7e3ec6f..., userDataDir: C:\Users\OM\AppData\Local\T...}, goog:chromeOptions: {debuggerAddress: localhost:62840}, javascriptEnabled: true, networkConnectionEnabled: false, pageLoadStrategy: normal, platform: XP, platformName: XP, proxy: Proxy(), setWindowRect: true, strictFileInteractability: false, timeouts: {implicit: 0, pageLoad: 300000, script: 30000}, unhandledPromptBehavior: dismiss and notify}
Session ID: 60cbd1439d4878e92a939cd07ba6d69c
	at sun.reflect.NativeConstructorAccessorImpl.newInstance0(Native Method)
	at sun.reflect.NativeConstructorAccessorImpl.newInstance(NativeConstructorAccessorImpl.java:62)
	at sun.reflect.DelegatingConstructorAccessorImpl.newInstance(DelegatingConstructorAccessorImpl.java:45)
	at java.lang.reflect.Constructor.newInstance(Constructor.java:423)
	at org.openqa.selenium.remote.http.W3CHttpResponseCodec.createException(W3CHttpResponseCodec.java:187)
	at org.openqa.selenium.remote.http.W3CHttpResponseCodec.decode(W3CHttpResponseCodec.java:122)
	at org.openqa.selenium.remote.http.W3CHttpResponseCodec.decode(W3CHttpResponseCodec.java:49)
	at org.openqa.selenium.remote.HttpCommandExecutor.execute(HttpCommandExecutor.java:158)
	at org.openqa.selenium.remote.service.DriverCommandExecutor.execute(DriverCommandExecutor.java:83)
	at org.openqa.selenium.remote.RemoteWebDriver.execute(RemoteWebDriver.java:552)
	at org.openqa.selenium.remote.RemoteWebElement.execute(RemoteWebElement.java:285)
	at org.openqa.selenium.remote.RemoteWebElement.clear(RemoteWebElement.java:124)
	at com.model1.log4jTest.loginToGmail(log4jTest.java:66)
</failure>
    <system-out>Configuring TestNG with: org.apache.maven.surefire.testng.conf.TestNG652Configurator@6996db8
Method under test1
field cleared1
</system-out>
    <system-err>Starting ChromeDriver 75.0.3770.90 (a6dcaf7e3ec6f70a194cc25e8149475c6590e025-refs/branch-heads/3770@{#1003}) on port 39364
Only local connections are allowed.
Please protect ports used by ChromeDriver and related test frameworks to prevent access by malicious code.
[1567145655.320][WARNING]: This version of ChromeDriver has not been tested with Chrome version 76.
Aug 30, 2019 11:44:16 AM org.openqa.selenium.remote.ProtocolHandshake createSession
INFO: Detected dialect: W3C
</system-err>
  </testcase>
  <testcase classname="com.model1.log4jTest" name="takeScreenShot" time="1.279">
    <failure message="Source &apos;C:\Users\OM\AppData\Local\Temp\screenshot1164454119136305077.png&apos; exists but is not a directory" type="java.io.IOException">java.io.IOException: Source &apos;C:\Users\OM\AppData\Local\Temp\screenshot1164454119136305077.png&apos; exists but is not a directory
	at org.apache.commons.io.FileUtils.copyDirectory(FileUtils.java:1348)
	at org.apache.commons.io.FileUtils.copyDirectory(FileUtils.java:1246)
	at org.apache.commons.io.FileUtils.copyDirectory(FileUtils.java:1215)
	at com.model1.log4jTest.takeScreenShot(log4jTest.java:77)
</failure>
  </testcase>
  <testcase classname="com.model1.log4jTest" name="deleteCookie" time="1.282">
    <skipped/>
  </testcase>
  <testcase classname="com.model1.log4jTest" name="dbConnectionClosed" time="1.285">
    <skipped/>
  </testcase>
  <testcase classname="com.model1.log4jTest" name="closeBrowser" time="1.326">
    <skipped/>
  </testcase>
</testsuite>